<?xml version="1.0" encoding="UTF-8"?>
<!-- Generated by org.testng.reporters.JUnitReportReporter -->
<testsuite hostname="Thoushika" failures="0" tests="1" name="com.runner.runnerTestNG" time="7.625" errors="0" timestamp="2025-04-03T21:04:29 IST" skipped="0">
  <testcase classname="com.runner.runnerTestNG" name="runScenario" time="7.625"/>
</testsuite> <!-- com.runner.runnerTestNG -->
