<?xml version="1.0" encoding="UTF-8"?>
<!-- Generated by org.testng.reporters.JUnitReportReporter -->
<testsuite hostname="Thoushika" failures="0" tests="1" name="com.runner.runnerTestNG" time="12.904" errors="0" timestamp="2025-04-03T19:23:16 IST" skipped="0">
  <testcase classname="com.runner.runnerTestNG" name="runScenario" time="12.904"/>
</testsuite> <!-- com.runner.runnerTestNG -->
